<?xml version="1.0" encoding="UTF-8"?>
<testsuite name="ca.uqam.acceptancetests.location" time="1.071" tests="43" errors="0" skipped="0" failures="0">
  <properties>
[...]
</properties>
  <testcase name="BeforeStories" classname="java.lang.Object" time="0.002"/>
  <testcase name="Given la voiture A1 est louée à Paul" classname="ca.uqam.acceptancetests.steps.RetourVoitureSteps" time="0.003"/>
  <testcase name="When Paul retourne la voiture A1" classname="ca.uqam.acceptancetests.steps.RetourVoitureSteps" time="0.002"/>
  <testcase name="Then A1 est disponible" classname="ca.uqam.acceptancetests.steps.RetourVoitureSteps" time="0.001"/>
  <testcase name="Scenario: Retour de voiture" classname="Scenario: Retour de voiture" time="0.019"/>
  <testcase name="Retour_Voiture.story" classname="Retour_Voiture.story" time="0.02"/>
  <testcase name="Given il y a 2 voitures disponibles" classname="ca.uqam.acceptancetests.steps.ListeVoituresDisponibleSteps" time="0.004"/>
  <testcase name="And la voiture A1 est disponible" classname="ca.uqam.acceptancetests.steps.locationstep" time="0.004"/>
  <testcase name="And la voiture A2 est disponible" classname="ca.uqam.acceptancetests.steps.ListeVoituresDisponibleSteps" time="0.003"/>
  <testcase name="When je veux afficher la liste des voitures disponibles" classname="ca.uqam.acceptancetests.steps.ListeVoituresDisponibleSteps" time="0.002"/>
  <testcase name="Then la voiture A1 est indiquée comme étant disponible" classname="ca.uqam.acceptancetests.steps.ListeVoituresDisponibleSteps" time="0.003"/>
  <testcase name="And la voiture A2 est indiquée comme étant disponible" classname="ca.uqam.acceptancetests.steps.ListeVoituresDisponibleSteps" time="0.003"/>
  <testcase name="Scenario: Je veux afficher les voitures disponibles" classname="Scenario: Je veux afficher les voitures disponibles" time="0.025"/>
  <testcase name="Given la voiture A1 est louée à Paul​" classname="ca.uqam.acceptancetests.steps.RetourVoitureSteps" time="0.013"/>
  <testcase name="And la voiture A2 est disponible​" classname="ca.uqam.acceptancetests.steps.ListeVoituresDisponibleSteps" time="0.01"/>
  <testcase name="When je demande l’affichage de la liste de toutes les voitures" classname="ca.uqam.acceptancetests.steps.ListeVoituresDisponibleSteps" time="0.003"/>
  <testcase name="Then la voiture A1 est indiquée comme louee a Paul" classname="ca.uqam.acceptancetests.steps.ListeVoituresDisponibleSteps" time="0.002"/>
  <testcase name="And la voiture A2 est indiquée comme étant disponible​" classname="ca.uqam.acceptancetests.steps.ListeVoituresDisponibleSteps" time="0.003"/>
  <testcase name="And la voiture A3 est indiquée comme étant disponible" classname="ca.uqam.acceptancetests.steps.ListeVoituresDisponibleSteps" time="0.004"/>
  <testcase name="Scenario: Je veux afficher toutes les voitures, louées ou non" classname="Scenario: Je veux afficher toutes les voitures, louées ou non" time="0.02"/>
  <testcase name="Afficher_voiture.story" classname="Afficher_voiture.story" time="0.022"/>
  <testcase name="Given il y a 2 clients enregistrés PAUL et JEAN" classname="ca.uqam.acceptancetests.steps.AfficherclientTous" time="0.002"/>
  <testcase name="When je veux afficher la liste de nos clients" classname="ca.uqam.acceptancetests.steps.AfficherclientTous" time="0.002"/>
  <testcase name="Then PAUL et JEAN sont afficher" classname="ca.uqam.acceptancetests.steps.AfficherclientTous" time="0.002"/>
  <testcase name="Scenario: Je veux afficher les clients existant" classname="Scenario: Je veux afficher les clients existant" time="0.014"/>
  <testcase name="Affichage_Client.story" classname="Affichage_Client.story" time="0.015"/>
  <testcase name="Given la voiture A1 est disponible" classname="ca.uqam.acceptancetests.steps.locationstep" time="0.002"/>
  <testcase name="And Paul est un nouveau client" classname="ca.uqam.acceptancetests.steps.locationstep" time="0.003"/>
  <testcase name="When Paul sélectionne la voiture A1" classname="ca.uqam.acceptancetests.steps.locationstep" time="0.003"/>
  <testcase name="Then Paul est un client actif" classname="ca.uqam.acceptancetests.steps.locationstep" time="0.002"/>
  <testcase name="And la voiture A1 est louée par Paul" classname="ca.uqam.acceptancetests.steps.locationstep" time="0.002"/>
  <testcase name="Scenario: Louer une voiture a un nouveau client" classname="Scenario: Louer une voiture a un nouveau client" time="0.034"/>
  <testcase name="Given la voiture A1 est disponible​" classname="ca.uqam.acceptancetests.steps.locationstep" time="0.006"/>
  <testcase name="And Paul est un ancien client" classname="ca.uqam.acceptancetests.steps.locationstep" time="0.002"/>
  <testcase name="When Paul sélectionne la voiture A1​" classname="ca.uqam.acceptancetests.steps.locationstep" time="0.002"/>
  <testcase name="Then la voiture A1 est louée par Paul" classname="ca.uqam.acceptancetests.steps.locationstep" time="0.002"/>
  <testcase name="Scenario: Louer une voiture a un ancien client" classname="Scenario: Louer une voiture a un ancien client" time="0.025"/>
  <testcase name="Given la voiture A1 est déjà louée à Jean" classname="ca.uqam.acceptancetests.steps.locationstep" time="0.005"/>
  <testcase name="When Paul sélectionne la voiture A1​​" classname="ca.uqam.acceptancetests.steps.locationstep" time="0.001"/>
  <testcase name="Then la voiture A1 est louée par Jean" classname="ca.uqam.acceptancetests.steps.locationstep" time="0.001"/>
  <testcase name="Scenario: Louer une voiture deja louees a un client" classname="Scenario: Louer une voiture deja louees a un client" time="0.021"/>
  <testcase name="Location_voiture.story" classname="Location_voiture.story" time="0.023"/>
  <testcase name="AfterStories" classname="java.lang.Object" time="0.734"/>
</testsuite>