<acceptance-test-run title="Je veux afficher les clients existant" name="Je veux afficher les clients existant" steps="5" successful="0" failures="0" errors="2" skipped="3" ignored="0" pending="0" annotated-result="ERROR" result="ERROR" duration="578" timestamp="2016-11-27T18:32:15.634-05:00">
  <user-story id="Affichage_Client" name="Affichage  client" path="stories/Affichage_Client.story"/>
  <tags>
    <tag name="Affichage  client" type="story"/>
    <tag name="Affichage client" type="story"/>
  </tags>
  <test-step result="ERROR" duration="2">
    <description>ca.uqam.acceptancetests.steps.AfficherclientStep.setUp()</description>
    <error>Method setUp (annotated with @BeforeScenario in class ca.uqam.acceptancetests.steps.AfficherclientStep) failed: org.springframework.beans.factory.BeanCreationException: Error creating bean with name &apos;locationsRepository&apos;: Invocation of init method failed; nested exception is java.lang.IllegalArgumentException: Could not create query metamodel for method public abstract java.util.List ca.uqam.repositories.LocationsRepository.findByClientID(java.lang.Long)!</error>
    <exception>org.jbehave.core.failures.BeforeOrAfterFailed:Method setUp (annotated with @BeforeScenario in class ca.uqam.acceptancetests.steps.AfficherclientStep) failed: org.springframework.beans.factory.BeanCreationException: Error creating bean with name &apos;locationsRepository&apos;: Invocation of init method failed; nested exception is java.lang.IllegalArgumentException: Could not create query metamodel for method public abstract java.util.List ca.uqam.repositories.LocationsRepository.findByClientID(java.lang.Long)!
[]</exception>
  </test-step>
  <test-step result="SKIPPED" duration="0">
    <description>Given il y a 2 clients enregistr√©s PAUL et JEAN</description>
  </test-step>
  <test-step result="SKIPPED" duration="2">
    <description>When je veux afficher la liste de nos clients</description>
  </test-step>
  <test-step result="SKIPPED" duration="6">
    <description>Then PAUL et JEAN sont afficher</description>
  </test-step>
  <test-step result="ERROR" duration="21">
    <description>ca.uqam.acceptancetests.steps.AfficherclientStep.tearDown()</description>
    <error>Method tearDown (annotated with @AfterScenario in class ca.uqam.acceptancetests.steps.AfficherclientStep) failed: java.lang.NullPointerException</error>
    <exception>org.jbehave.core.failures.BeforeOrAfterFailed:Method tearDown (annotated with @AfterScenario in class ca.uqam.acceptancetests.steps.AfficherclientStep) failed: java.lang.NullPointerException
[]</exception>
  </test-step>
</acceptance-test-run>