<acceptance-test-run title="Louer une voiture a un ancien client" name="Louer une voiture a un ancien client" steps="6" successful="0" failures="0" errors="2" skipped="4" ignored="0" pending="0" annotated-result="ERROR" result="ERROR" duration="624" timestamp="2016-11-27T18:32:16.920-05:00">
  <user-story id="Location_voiture" name="Location voiture" path="stories/Location_voiture.story"/>
  <tags>
    <tag name="Location voiture" type="story"/>
  </tags>
  <test-step result="ERROR" duration="2">
    <description>ca.uqam.acceptancetests.steps.AfficherclientStep.setUp()</description>
    <error>Method setUp (annotated with @BeforeScenario in class ca.uqam.acceptancetests.steps.AfficherclientStep) failed: org.springframework.beans.factory.BeanCreationException: Error creating bean with name &apos;locationsRepository&apos;: Invocation of init method failed; nested exception is java.lang.IllegalArgumentException: Could not create query metamodel for method public abstract java.util.List ca.uqam.repositories.LocationsRepository.findByClientID(java.lang.Long)!</error>
    <exception>org.jbehave.core.failures.BeforeOrAfterFailed:Method setUp (annotated with @BeforeScenario in class ca.uqam.acceptancetests.steps.AfficherclientStep) failed: org.springframework.beans.factory.BeanCreationException: Error creating bean with name &apos;locationsRepository&apos;: Invocation of init method failed; nested exception is java.lang.IllegalArgumentException: Could not create query metamodel for method public abstract java.util.List ca.uqam.repositories.LocationsRepository.findByClientID(java.lang.Long)!
[]</exception>
  </test-step>
  <test-step result="SKIPPED" duration="23">
    <description>Given la voiture A1 est disponible</description>
  </test-step>
  <test-step result="SKIPPED" duration="0">
    <description>And Paul est un ancien client</description>
  </test-step>
  <test-step result="SKIPPED" duration="0">
    <description>When Paul sélectionne la voiture A1</description>
  </test-step>
  <test-step result="SKIPPED" duration="0">
    <description>Then la voiture A1 est louée par Paul</description>
  </test-step>
  <test-step result="ERROR" duration="2">
    <description>ca.uqam.acceptancetests.steps.AfficherclientStep.tearDown()</description>
    <error>Method tearDown (annotated with @AfterScenario in class ca.uqam.acceptancetests.steps.AfficherclientStep) failed: java.lang.NullPointerException</error>
    <exception>org.jbehave.core.failures.BeforeOrAfterFailed:Method tearDown (annotated with @AfterScenario in class ca.uqam.acceptancetests.steps.AfficherclientStep) failed: java.lang.NullPointerException
[]</exception>
  </test-step>
</acceptance-test-run>