<?xml version="1.0" encoding="UTF-8"?><testsuite errors="1" failures="0" name="Retour  voiture" skipped="0" tests="1" time="11.43" timestamp="2016-11-332 06:32:02"><testcase name="Retour de voiture"><error message="Method setUp (annotated with @BeforeScenario in class ca.uqam.acceptancetests.steps.AfficherclientStep) failed: org.springframework.beans.factory.BeanCreationException: Error creating bean with name 'locationsRepository': Invocation of init method failed; nested exception is java.lang.IllegalArgumentException: Could not create query metamodel for method public abstract java.util.List ca.uqam.repositories.LocationsRepository.findByClientID(java.lang.Long)!" type="org.jbehave.core.failures.BeforeOrAfterFailed">Method setUp (annotated with @BeforeScenario in class ca.uqam.acceptancetests.steps.AfficherclientStep) failed: org.springframework.beans.factory.BeanCreationException: Error creating bean with name 'locationsRepository': Invocation of init method failed; nested exception is java.lang.IllegalArgumentException: Could not create query metamodel for method public abstract java.util.List ca.uqam.repositories.LocationsRepository.findByClientID(java.lang.Long)!</error><system-err>Method setUp (annotated with @BeforeScenario in class ca.uqam.acceptancetests.steps.AfficherclientStep) failed: org.springframework.beans.factory.BeanCreationException: Error creating bean with name 'locationsRepository': Invocation of init method failed; nested exception is java.lang.IllegalArgumentException: Could not create query metamodel for method public abstract java.util.List ca.uqam.repositories.LocationsRepository.findByClientID(java.lang.Long)!
</system-err></testcase></testsuite>