<?xml version="1.0" encoding="UTF-8"?><testsuite errors="3" failures="0" name="Location voiture" skipped="0" tests="3" time="2.09" timestamp="2016-11-332 06:32:16"><testcase name="Louer une voiture a un nouveau client"><error message="Method setUp (annotated with @BeforeScenario in class ca.uqam.acceptancetests.steps.AfficherclientStep) failed: org.springframework.beans.factory.BeanCreationException: Error creating bean with name 'locationsRepository': Invocation of init method failed; nested exception is java.lang.IllegalArgumentException: Could not create query metamodel for method public abstract java.util.List ca.uqam.repositories.LocationsRepository.findByClientID(java.lang.Long)!" type="org.jbehave.core.failures.BeforeOrAfterFailed">Method setUp (annotated with @BeforeScenario in class ca.uqam.acceptancetests.steps.AfficherclientStep) failed: org.springframework.beans.factory.BeanCreationException: Error creating bean with name 'locationsRepository': Invocation of init method failed; nested exception is java.lang.IllegalArgumentException: Could not create query metamodel for method public abstract java.util.List ca.uqam.repositories.LocationsRepository.findByClientID(java.lang.Long)!</error><system-err>Method setUp (annotated with @BeforeScenario in class ca.uqam.acceptancetests.steps.AfficherclientStep) failed: org.springframework.beans.factory.BeanCreationException: Error creating bean with name 'locationsRepository': Invocation of init method failed; nested exception is java.lang.IllegalArgumentException: Could not create query metamodel for method public abstract java.util.List ca.uqam.repositories.LocationsRepository.findByClientID(java.lang.Long)!
</system-err></testcase><testcase name="Louer une voiture a un ancien client"><error message="Method setUp (annotated with @BeforeScenario in class ca.uqam.acceptancetests.steps.AfficherclientStep) failed: org.springframework.beans.factory.BeanCreationException: Error creating bean with name 'locationsRepository': Invocation of init method failed; nested exception is java.lang.IllegalArgumentException: Could not create query metamodel for method public abstract java.util.List ca.uqam.repositories.LocationsRepository.findByClientID(java.lang.Long)!" type="org.jbehave.core.failures.BeforeOrAfterFailed">Method setUp (annotated with @BeforeScenario in class ca.uqam.acceptancetests.steps.AfficherclientStep) failed: org.springframework.beans.factory.BeanCreationException: Error creating bean with name 'locationsRepository': Invocation of init method failed; nested exception is java.lang.IllegalArgumentException: Could not create query metamodel for method public abstract java.util.List ca.uqam.repositories.LocationsRepository.findByClientID(java.lang.Long)!</error><system-err>Method setUp (annotated with @BeforeScenario in class ca.uqam.acceptancetests.steps.AfficherclientStep) failed: org.springframework.beans.factory.BeanCreationException: Error creating bean with name 'locationsRepository': Invocation of init method failed; nested exception is java.lang.IllegalArgumentException: Could not create query metamodel for method public abstract java.util.List ca.uqam.repositories.LocationsRepository.findByClientID(java.lang.Long)!
</system-err></testcase><testcase name="Louer une voiture deja louees a un client"><error message="Method setUp (annotated with @BeforeScenario in class ca.uqam.acceptancetests.steps.AfficherclientStep) failed: org.springframework.beans.factory.BeanCreationException: Error creating bean with name 'locationsRepository': Invocation of init method failed; nested exception is java.lang.IllegalArgumentException: Could not create query metamodel for method public abstract java.util.List ca.uqam.repositories.LocationsRepository.findByClientID(java.lang.Long)!" type="org.jbehave.core.failures.BeforeOrAfterFailed">Method setUp (annotated with @BeforeScenario in class ca.uqam.acceptancetests.steps.AfficherclientStep) failed: org.springframework.beans.factory.BeanCreationException: Error creating bean with name 'locationsRepository': Invocation of init method failed; nested exception is java.lang.IllegalArgumentException: Could not create query metamodel for method public abstract java.util.List ca.uqam.repositories.LocationsRepository.findByClientID(java.lang.Long)!</error><system-err>Method setUp (annotated with @BeforeScenario in class ca.uqam.acceptancetests.steps.AfficherclientStep) failed: org.springframework.beans.factory.BeanCreationException: Error creating bean with name 'locationsRepository': Invocation of init method failed; nested exception is java.lang.IllegalArgumentException: Could not create query metamodel for method public abstract java.util.List ca.uqam.repositories.LocationsRepository.findByClientID(java.lang.Long)!
</system-err></testcase></testsuite>